PDFiD 0.2.10 ../malware/#IR-PF#.pdf
 PDF Header: %PDF-1.4
 obj                   15
 endobj                15
 stream                 6
 endstream              6
 xref                   1
 trailer                1
 startxref              1
 /Page                  1
 /Encrypt               0
 /ObjStm                0
 /JS                    0
 /JavaScript            0
 /AA                    0
 /OpenAction            0
 /AcroForm              0
 /JBIG2Decode           0
 /RichMedia             0
 /Launch                0
 /EmbeddedFile          0
 /XFA                   0
 /URI                   2
 /Colors > 2^24         0

